{"contracts/lottery.sol":{"l":{"61":3,"62":3,"63":3,"64":3,"65":3,"66":3,"67":3,"68":3,"74":5,"76":4,"78":3,"80":3,"96":1,"98":1,"100":1,"102":1,"104":1,"115":1,"117":1,"118":0,"125":1,"127":1,"140":0,"141":0,"142":0,"143":0,"144":0,"145":0,"146":0,"147":0,"148":0,"153":5,"157":1,"161":0,"165":1,"169":0,"173":0,"177":5,"181":0,"185":0},"path":"/Users/tm/lottery/contracts/lottery.sol","s":{"1":3,"2":3,"3":3,"4":3,"5":3,"6":3,"7":3,"8":3,"9":5,"10":4,"11":3,"12":3,"13":1,"14":1,"15":1,"16":1,"17":1,"18":1,"19":1,"20":1,"21":1,"22":0,"23":0,"24":0,"25":0,"26":0,"27":0,"28":0,"29":0,"30":0,"31":5,"32":1,"33":0,"34":1,"35":0,"36":0,"37":5,"38":0,"39":0},"b":{"1":[1,4],"2":[1,3],"3":[0,1],"4":[0,0]},"f":{"1":3,"2":5,"3":1,"4":1,"5":0,"6":5,"7":1,"8":0,"9":1,"10":0,"11":0,"12":5,"13":0,"14":0},"fnMap":{"1":{"name":"constructor","line":59,"loc":{"start":{"line":52,"column":4},"end":{"line":69,"column":4}}},"2":{"name":"enterLottery","line":72,"loc":{"start":{"line":72,"column":4},"end":{"line":81,"column":4}}},"3":{"name":"checkUpkeep","line":85,"loc":{"start":{"line":85,"column":4},"end":{"line":105,"column":4}}},"4":{"name":"performUpkeep","line":111,"loc":{"start":{"line":111,"column":4},"end":{"line":134,"column":4}}},"5":{"name":"fulfillRandomWords","line":136,"loc":{"start":{"line":136,"column":4},"end":{"line":149,"column":4}}},"6":{"name":"getEntranceFee","line":152,"loc":{"start":{"line":152,"column":4},"end":{"line":154,"column":4}}},"7":{"name":"getPlayer","line":156,"loc":{"start":{"line":156,"column":4},"end":{"line":158,"column":4}}},"8":{"name":"getRecentWinner","line":160,"loc":{"start":{"line":160,"column":4},"end":{"line":162,"column":4}}},"9":{"name":"getLotteryState","line":164,"loc":{"start":{"line":164,"column":4},"end":{"line":166,"column":4}}},"10":{"name":"getNumOfPlayers","line":168,"loc":{"start":{"line":168,"column":4},"end":{"line":170,"column":4}}},"11":{"name":"getLatestTimeStamp","line":172,"loc":{"start":{"line":172,"column":4},"end":{"line":174,"column":4}}},"12":{"name":"getInterval","line":176,"loc":{"start":{"line":176,"column":4},"end":{"line":178,"column":4}}},"13":{"name":"getRequestConfirmation","line":180,"loc":{"start":{"line":180,"column":4},"end":{"line":182,"column":4}}},"14":{"name":"getNumWords","line":184,"loc":{"start":{"line":184,"column":4},"end":{"line":186,"column":4}}}},"statementMap":{"1":{"start":{"line":61,"column":8},"end":{"line":61,"column":35}},"2":{"start":{"line":62,"column":8},"end":{"line":62,"column":69}},"3":{"start":{"line":63,"column":8},"end":{"line":63,"column":26}},"4":{"start":{"line":64,"column":8},"end":{"line":64,"column":40}},"5":{"start":{"line":65,"column":8},"end":{"line":65,"column":44}},"6":{"start":{"line":66,"column":8},"end":{"line":66,"column":41}},"7":{"start":{"line":67,"column":8},"end":{"line":67,"column":40}},"8":{"start":{"line":68,"column":8},"end":{"line":68,"column":28}},"9":{"start":{"line":74,"column":8},"end":{"line":74,"column":68}},"10":{"start":{"line":76,"column":8},"end":{"line":76,"column":79}},"11":{"start":{"line":78,"column":8},"end":{"line":78,"column":42}},"12":{"start":{"line":80,"column":8},"end":{"line":80,"column":45}},"13":{"start":{"line":96,"column":8},"end":{"line":96,"column":59}},"14":{"start":{"line":98,"column":8},"end":{"line":98,"column":76}},"15":{"start":{"line":100,"column":8},"end":{"line":100,"column":48}},"16":{"start":{"line":102,"column":8},"end":{"line":102,"column":53}},"17":{"start":{"line":104,"column":8},"end":{"line":104,"column":72}},"18":{"start":{"line":115,"column":8},"end":{"line":115,"column":47}},"19":{"start":{"line":117,"column":8},"end":{"line":117,"column":4657}},"20":{"start":{"line":125,"column":8},"end":{"line":125,"column":48}},"21":{"start":{"line":127,"column":8},"end":{"line":127,"column":5006}},"22":{"start":{"line":140,"column":8},"end":{"line":140,"column":62}},"23":{"start":{"line":141,"column":8},"end":{"line":141,"column":57}},"24":{"start":{"line":142,"column":8},"end":{"line":142,"column":30}},"25":{"start":{"line":143,"column":8},"end":{"line":143,"column":41}},"26":{"start":{"line":144,"column":8},"end":{"line":144,"column":43}},"27":{"start":{"line":145,"column":8},"end":{"line":145,"column":40}},"28":{"start":{"line":146,"column":8},"end":{"line":146,"column":72}},"29":{"start":{"line":147,"column":8},"end":{"line":147,"column":52}},"30":{"start":{"line":148,"column":8},"end":{"line":148,"column":32}},"31":{"start":{"line":153,"column":8},"end":{"line":153,"column":28}},"32":{"start":{"line":157,"column":8},"end":{"line":157,"column":31}},"33":{"start":{"line":161,"column":8},"end":{"line":161,"column":29}},"34":{"start":{"line":165,"column":8},"end":{"line":165,"column":29}},"35":{"start":{"line":169,"column":8},"end":{"line":169,"column":31}},"36":{"start":{"line":173,"column":8},"end":{"line":173,"column":30}},"37":{"start":{"line":177,"column":8},"end":{"line":177,"column":25}},"38":{"start":{"line":181,"column":8},"end":{"line":181,"column":36}},"39":{"start":{"line":185,"column":8},"end":{"line":185,"column":24}}},"branchMap":{"1":{"line":74,"type":"if","locations":[{"start":{"line":74,"column":8},"end":{"line":74,"column":8}},{"start":{"line":74,"column":8},"end":{"line":74,"column":8}}]},"2":{"line":76,"type":"if","locations":[{"start":{"line":76,"column":8},"end":{"line":76,"column":8}},{"start":{"line":76,"column":8},"end":{"line":76,"column":8}}]},"3":{"line":117,"type":"if","locations":[{"start":{"line":117,"column":8},"end":{"line":117,"column":8}},{"start":{"line":117,"column":8},"end":{"line":117,"column":8}}]},"4":{"line":147,"type":"if","locations":[{"start":{"line":147,"column":8},"end":{"line":147,"column":8}},{"start":{"line":147,"column":8},"end":{"line":147,"column":8}}]}}},"contracts/test/VRFCoordinatorV2Mock.sol":{"l":{},"path":"/Users/tm/lottery/contracts/test/VRFCoordinatorV2Mock.sol","s":{},"b":{},"f":{},"fnMap":{},"statementMap":{},"branchMap":{}}}