TN:
SF:/Users/tm/lottery/contracts/lottery.sol
FN:59,constructor
FN:72,enterLottery
FN:85,checkUpkeep
FN:111,performUpkeep
FN:136,fulfillRandomWords
FN:152,getEntranceFee
FN:156,getPlayer
FN:160,getRecentWinner
FN:164,getLotteryState
FN:168,getNumOfPlayers
FN:172,getLatestTimeStamp
FN:176,getInterval
FN:180,getRequestConfirmation
FN:184,getNumWords
FNF:14
FNH:8
FNDA:3,constructor
FNDA:5,enterLottery
FNDA:1,checkUpkeep
FNDA:1,performUpkeep
FNDA:0,fulfillRandomWords
FNDA:5,getEntranceFee
FNDA:1,getPlayer
FNDA:0,getRecentWinner
FNDA:1,getLotteryState
FNDA:0,getNumOfPlayers
FNDA:0,getLatestTimeStamp
FNDA:5,getInterval
FNDA:0,getRequestConfirmation
FNDA:0,getNumWords
DA:61,3
DA:62,3
DA:63,3
DA:64,3
DA:65,3
DA:66,3
DA:67,3
DA:68,3
DA:74,5
DA:76,4
DA:78,3
DA:80,3
DA:96,1
DA:98,1
DA:100,1
DA:102,1
DA:104,1
DA:115,1
DA:117,1
DA:118,0
DA:125,1
DA:127,1
DA:140,0
DA:141,0
DA:142,0
DA:143,0
DA:144,0
DA:145,0
DA:146,0
DA:147,0
DA:148,0
DA:153,5
DA:157,1
DA:161,0
DA:165,1
DA:169,0
DA:173,0
DA:177,5
DA:181,0
DA:185,0
LF:40
LH:25
BRDA:74,1,0,1
BRDA:74,1,1,4
BRDA:76,2,0,1
BRDA:76,2,1,3
BRDA:117,3,0,0
BRDA:117,3,1,1
BRDA:147,4,0,0
BRDA:147,4,1,0
BRF:8
BRH:5
end_of_record
TN:
SF:/Users/tm/lottery/contracts/test/VRFCoordinatorV2Mock.sol
FNF:0
FNH:0
LF:0
LH:0
BRF:0
BRH:0
end_of_record
